<?xml version="1.0" encoding="UTF-8"?>
<testng-results ignored="0" total="3" passed="3" failed="0" skipped="0">
  <reporter-output>
  </reporter-output>
  <suite started-at="2024-08-06T13:58:41 CST" name="Suite" finished-at="2024-08-06T13:59:26 CST" duration-ms="45387">
    <groups>
    </groups>
    <test started-at="2024-08-06T13:58:41 CST" name="Test" finished-at="2024-08-06T13:59:26 CST" duration-ms="45387">
      <class name="TestNG.TestNGTestCase2">
        <test-method signature="openNav()[pri:1, instance:TestNG.TestNGTestCase2@54bff557]" started-at="2024-08-06T13:58:41 CST" name="openNav" finished-at="2024-08-06T13:58:47 CST" duration-ms="6665" status="PASS">
          <reporter-output>
          </reporter-output>
        </test-method> <!-- openNav -->
        <test-method signature="writeSearch()[pri:2, instance:TestNG.TestNGTestCase2@54bff557]" started-at="2024-08-06T13:58:47 CST" name="writeSearch" finished-at="2024-08-06T13:58:53 CST" duration-ms="5546" status="PASS">
          <reporter-output>
          </reporter-output>
        </test-method> <!-- writeSearch -->
        <test-method signature="clickOption()[pri:3, instance:TestNG.TestNGTestCase2@54bff557]" started-at="2024-08-06T13:58:53 CST" name="clickOption" finished-at="2024-08-06T13:59:26 CST" duration-ms="33143" status="PASS">
          <reporter-output>
          </reporter-output>
        </test-method> <!-- clickOption -->
      </class> <!-- TestNG.TestNGTestCase2 -->
    </test> <!-- Test -->
  </suite> <!-- Suite -->
</testng-results>
