<?xml version="1.0" encoding="UTF-8"?>
<!-- Generated by org.testng.reporters.JUnitXMLReporter -->
<testsuite ignored="0" hostname="Cesar" failures="0" tests="3" name="Default test" time="24.816" errors="0" timestamp="2024-11-08T00:14:31 CST">
  <testcase classname="TestNG.TestNGTestCase2" name="openNav" time="6.371"/>
  <testcase classname="TestNG.TestNGTestCase2" name="writeSearch" time="3.588"/>
  <testcase classname="TestNG.TestNGTestCase2" name="clickOption" time="14.832"/>
</testsuite> <!-- Default test -->
