<?xml version="1.0" encoding="UTF-8"?>
<!-- Generated by org.testng.reporters.JUnitXMLReporter -->
<testsuite ignored="0" hostname="Cesar" failures="0" tests="3" name="Default test" time="46.816" errors="0" timestamp="2024-08-06T12:54:09 CST">
  <testcase classname="TestNG.TestNGTestCase2" name="openNav" time="7.923"/>
  <testcase classname="TestNG.TestNGTestCase2" name="writeSearch" time="6.26"/>
  <testcase classname="TestNG.TestNGTestCase2" name="clickOption" time="32.608"/>
</testsuite> <!-- Default test -->
