<?xml version="1.0" encoding="UTF-8"?>
<!-- Generated by org.testng.reporters.JUnitXMLReporter -->
<testsuite ignored="0" hostname="Cesar" failures="0" tests="3" name="TestGibson" time="26.212" errors="0" timestamp="2024-10-31T13:43:41 CST">
  <testcase classname="TestNG.TestNGTestCase2" name="openNav" time="7.216"/>
  <testcase classname="TestNG.TestNGTestCase2" name="writeSearch" time="2.656"/>
  <testcase classname="TestNG.TestNGTestCase2" name="clickOption" time="16.298"/>
</testsuite> <!-- TestGibson -->
