<?xml version="1.0" encoding="UTF-8"?>
<!-- Generated by org.testng.reporters.JUnitXMLReporter -->
<testsuite ignored="0" hostname="Cesar" failures="0" tests="3" name="Test" time="45.387" errors="0" timestamp="2024-08-06T13:59:26 CST">
  <testcase classname="TestNG.TestNGTestCase2" name="openNav" time="6.665"/>
  <testcase classname="TestNG.TestNGTestCase2" name="writeSearch" time="5.546"/>
  <testcase classname="TestNG.TestNGTestCase2" name="clickOption" time="33.143"/>
</testsuite> <!-- Test -->
