<?xml version="1.0" encoding="UTF-8"?>
<testng-results ignored="0" total="3" passed="3" failed="0" skipped="0">
  <reporter-output>
  </reporter-output>
  <suite started-at="2024-11-08T00:14:06 CST" name="Default suite" finished-at="2024-11-08T00:14:31 CST" duration-ms="24816">
    <groups>
    </groups>
    <test started-at="2024-11-08T00:14:06 CST" name="Default test" finished-at="2024-11-08T00:14:31 CST" duration-ms="24816">
      <class name="TestNG.TestNGTestCase2">
        <test-method signature="openNav()[pri:1, instance:TestNG.TestNGTestCase2@957e06]" started-at="2024-11-08T00:14:06 CST" name="openNav" finished-at="2024-11-08T00:14:13 CST" duration-ms="6371" status="PASS">
          <reporter-output>
          </reporter-output>
        </test-method> <!-- openNav -->
        <test-method signature="writeSearch()[pri:2, instance:TestNG.TestNGTestCase2@957e06]" started-at="2024-11-08T00:14:13 CST" name="writeSearch" finished-at="2024-11-08T00:14:16 CST" duration-ms="3588" status="PASS">
          <reporter-output>
          </reporter-output>
        </test-method> <!-- writeSearch -->
        <test-method signature="clickOption()[pri:3, instance:TestNG.TestNGTestCase2@957e06]" started-at="2024-11-08T00:14:16 CST" name="clickOption" finished-at="2024-11-08T00:14:31 CST" duration-ms="14832" status="PASS">
          <reporter-output>
          </reporter-output>
        </test-method> <!-- clickOption -->
      </class> <!-- TestNG.TestNGTestCase2 -->
    </test> <!-- Default test -->
  </suite> <!-- Default suite -->
</testng-results>
